<?xml version="1.0" encoding="UTF-8"?>
<testsuite name="com.nmbbank.billing.BillingRefferenceGeneratorServiceTests" time="0.04" tests="1" errors="1" skipped="0" failures="0">
  <properties>
    <property name="java.runtime.name" value="Java(TM) SE Runtime Environment"/>
    <property name="sun.boot.library.path" value="/Library/Java/JavaVirtualMachines/jdk1.8.0_101.jdk/Contents/Home/jre/lib"/>
    <property name="java.vm.version" value="25.101-b13"/>
    <property name="maven.wagon.http.ssl.insecure" value="true"/>
    <property name="gopherProxySet" value="false"/>
    <property name="java.vm.vendor" value="Oracle Corporation"/>
    <property name="java.vendor.url" value="http://java.oracle.com/"/>
    <property name="path.separator" value=":"/>
    <property name="guice.disable.misplaced.annotation.check" value="true"/>
    <property name="java.vm.name" value="Java HotSpot(TM) 64-Bit Server VM"/>
    <property name="file.encoding.pkg" value="sun.io"/>
    <property name="user.country" value="US"/>
    <property name="sun.java.launcher" value="SUN_STANDARD"/>
    <property name="sun.os.patch.level" value="unknown"/>
    <property name="test" value="com.nmbbank.billing.BillingRefferenceGeneratorServiceTests"/>
    <property name="java.vm.specification.name" value="Java Virtual Machine Specification"/>
    <property name="user.dir" value="/Users/paul.msegeya/Agile/Work-Projects/BillingAppEngine"/>
    <property name="java.runtime.version" value="1.8.0_101-b13"/>
    <property name="java.awt.graphicsenv" value="sun.awt.CGraphicsEnvironment"/>
    <property name="java.endorsed.dirs" value="/Library/Java/JavaVirtualMachines/jdk1.8.0_101.jdk/Contents/Home/jre/lib/endorsed"/>
    <property name="os.arch" value="x86_64"/>
    <property name="java.io.tmpdir" value="/var/folders/_3/zx277ls51zb3gpbzn5j_ggsh0000gn/T/"/>
    <property name="line.separator" value="&#10;"/>
    <property name="java.vm.specification.vendor" value="Oracle Corporation"/>
    <property name="os.name" value="Mac OS X"/>
    <property name="maven.ext.class.path" value="/Applications/NetBeans/NetBeans 8.2.app/Contents/Resources/NetBeans/java/maven-nblib/netbeans-eventspy.jar"/>
    <property name="classworlds.conf" value="/Applications/NetBeans/NetBeans 8.2.app/Contents/Resources/NetBeans/java/maven/bin/m2.conf"/>
    <property name="sun.jnu.encoding" value="UTF-8"/>
    <property name="java.library.path" value="/Users/paul.msegeya/Library/Java/Extensions:/Library/Java/Extensions:/Network/Library/Java/Extensions:/System/Library/Java/Extensions:/usr/lib/java:."/>
    <property name="java.specification.name" value="Java Platform API Specification"/>
    <property name="java.class.version" value="52.0"/>
    <property name="sun.management.compiler" value="HotSpot 64-Bit Tiered Compilers"/>
    <property name="maven.wagon.http.ssl.allowall" value="true"/>
    <property name="os.version" value="10.12.5"/>
    <property name="http.nonProxyHosts" value="local|*.local|169.254/16|*.169.254/16"/>
    <property name="user.home" value="/Users/paul.msegeya"/>
    <property name="user.timezone" value="Africa/Nairobi"/>
    <property name="java.awt.printerjob" value="sun.lwawt.macosx.CPrinterJob"/>
    <property name="java.specification.version" value="1.8"/>
    <property name="file.encoding" value="UTF-8"/>
    <property name="user.name" value="paul.msegeya"/>
    <property name="java.class.path" value="/Applications/NetBeans/NetBeans 8.2.app/Contents/Resources/NetBeans/java/maven/boot/plexus-classworlds-2.4.jar"/>
    <property name="java.vm.specification.version" value="1.8"/>
    <property name="sun.arch.data.model" value="64"/>
    <property name="java.home" value="/Library/Java/JavaVirtualMachines/jdk1.8.0_101.jdk/Contents/Home/jre"/>
    <property name="sun.java.command" value="org.codehaus.plexus.classworlds.launcher.Launcher -Dtest=com.nmbbank.billing.BillingRefferenceGeneratorServiceTests -Dmaven.ext.class.path=/Applications/NetBeans/NetBeans 8.2.app/Contents/Resources/NetBeans/java/maven-nblib/netbeans-eventspy.jar surefire:test"/>
    <property name="java.specification.vendor" value="Oracle Corporation"/>
    <property name="user.language" value="en"/>
    <property name="awt.toolkit" value="sun.lwawt.macosx.LWCToolkit"/>
    <property name="java.vm.info" value="mixed mode"/>
    <property name="java.version" value="1.8.0_101"/>
    <property name="java.ext.dirs" value="/Users/paul.msegeya/Library/Java/Extensions:/Library/Java/JavaVirtualMachines/jdk1.8.0_101.jdk/Contents/Home/jre/lib/ext:/Library/Java/Extensions:/Network/Library/Java/Extensions:/System/Library/Java/Extensions:/usr/lib/java"/>
    <property name="sun.boot.class.path" value="/Library/Java/JavaVirtualMachines/jdk1.8.0_101.jdk/Contents/Home/jre/lib/resources.jar:/Library/Java/JavaVirtualMachines/jdk1.8.0_101.jdk/Contents/Home/jre/lib/rt.jar:/Library/Java/JavaVirtualMachines/jdk1.8.0_101.jdk/Contents/Home/jre/lib/sunrsasign.jar:/Library/Java/JavaVirtualMachines/jdk1.8.0_101.jdk/Contents/Home/jre/lib/jsse.jar:/Library/Java/JavaVirtualMachines/jdk1.8.0_101.jdk/Contents/Home/jre/lib/jce.jar:/Library/Java/JavaVirtualMachines/jdk1.8.0_101.jdk/Contents/Home/jre/lib/charsets.jar:/Library/Java/JavaVirtualMachines/jdk1.8.0_101.jdk/Contents/Home/jre/lib/jfr.jar:/Library/Java/JavaVirtualMachines/jdk1.8.0_101.jdk/Contents/Home/jre/classes"/>
    <property name="maven.wagon.http.ssl.ignore.validity.dates" value="true"/>
    <property name="java.vendor" value="Oracle Corporation"/>
    <property name="maven.home" value="/Applications/NetBeans/NetBeans 8.2.app/Contents/Resources/NetBeans/java/maven"/>
    <property name="file.separator" value="/"/>
    <property name="java.vendor.url.bug" value="http://bugreport.sun.com/bugreport/"/>
    <property name="sun.cpu.endian" value="little"/>
    <property name="sun.io.unicode.encoding" value="UnicodeBig"/>
    <property name="socksNonProxyHosts" value="local|*.local|169.254/16|*.169.254/16"/>
    <property name="ftp.nonProxyHosts" value="local|*.local|169.254/16|*.169.254/16"/>
    <property name="sun.cpu.isalist" value=""/>
  </properties>
  <testcase name="initializationError" classname="com.nmbbank.billing.BillingRefferenceGeneratorServiceTests" time="0.04">
    <error message="Unable to find a @SpringBootConfiguration, you need to use @ContextConfiguration or @SpringBootTest(classes=...) with your test" type="java.lang.IllegalStateException"><![CDATA[java.lang.IllegalStateException: Unable to find a @SpringBootConfiguration, you need to use @ContextConfiguration or @SpringBootTest(classes=...) with your test
	at org.springframework.util.Assert.state(Assert.java:392)
	at org.springframework.boot.test.context.SpringBootTestContextBootstrapper.getOrFindConfigurationClasses(SpringBootTestContextBootstrapper.java:173)
	at org.springframework.boot.test.context.SpringBootTestContextBootstrapper.processMergedContextConfiguration(SpringBootTestContextBootstrapper.java:133)
	at org.springframework.test.context.support.AbstractTestContextBootstrapper.buildMergedContextConfiguration(AbstractTestContextBootstrapper.java:409)
	at org.springframework.test.context.support.AbstractTestContextBootstrapper.buildDefaultMergedContextConfiguration(AbstractTestContextBootstrapper.java:323)
	at org.springframework.test.context.support.AbstractTestContextBootstrapper.buildMergedContextConfiguration(AbstractTestContextBootstrapper.java:277)
	at org.springframework.test.context.support.AbstractTestContextBootstrapper.buildTestContext(AbstractTestContextBootstrapper.java:112)
	at org.springframework.boot.test.context.SpringBootTestContextBootstrapper.buildTestContext(SpringBootTestContextBootstrapper.java:78)
	at org.springframework.test.context.TestContextManager.<init>(TestContextManager.java:120)
	at org.springframework.test.context.TestContextManager.<init>(TestContextManager.java:105)
	at org.springframework.test.context.junit4.SpringJUnit4ClassRunner.createTestContextManager(SpringJUnit4ClassRunner.java:152)
	at org.springframework.test.context.junit4.SpringJUnit4ClassRunner.<init>(SpringJUnit4ClassRunner.java:143)
	at org.springframework.test.context.junit4.SpringRunner.<init>(SpringRunner.java:49)
	at sun.reflect.NativeConstructorAccessorImpl.newInstance0(Native Method)
	at sun.reflect.NativeConstructorAccessorImpl.newInstance(NativeConstructorAccessorImpl.java:62)
	at sun.reflect.DelegatingConstructorAccessorImpl.newInstance(DelegatingConstructorAccessorImpl.java:45)
	at java.lang.reflect.Constructor.newInstance(Constructor.java:423)
	at org.junit.internal.builders.AnnotatedBuilder.buildRunner(AnnotatedBuilder.java:104)
	at org.junit.internal.builders.AnnotatedBuilder.runnerForClass(AnnotatedBuilder.java:86)
	at org.junit.runners.model.RunnerBuilder.safeRunnerForClass(RunnerBuilder.java:59)
	at org.junit.internal.builders.AllDefaultPossibilitiesBuilder.runnerForClass(AllDefaultPossibilitiesBuilder.java:26)
	at org.junit.runners.model.RunnerBuilder.safeRunnerForClass(RunnerBuilder.java:59)
	at org.junit.internal.requests.ClassRequest.getRunner(ClassRequest.java:33)
	at org.apache.maven.surefire.junit4.JUnit4Provider.execute(JUnit4Provider.java:283)
	at org.apache.maven.surefire.junit4.JUnit4Provider.executeWithRerun(JUnit4Provider.java:173)
	at org.apache.maven.surefire.junit4.JUnit4Provider.executeTestSet(JUnit4Provider.java:153)
	at org.apache.maven.surefire.junit4.JUnit4Provider.invoke(JUnit4Provider.java:128)
	at org.apache.maven.surefire.booter.ForkedBooter.invokeProviderInSameClassLoader(ForkedBooter.java:203)
	at org.apache.maven.surefire.booter.ForkedBooter.runSuitesInProcess(ForkedBooter.java:155)
	at org.apache.maven.surefire.booter.ForkedBooter.main(ForkedBooter.java:103)
]]></error>
    <system-out><![CDATA[09:33:46.813 [main] DEBUG org.springframework.test.context.junit4.SpringJUnit4ClassRunner - SpringJUnit4ClassRunner constructor called with [class com.nmbbank.billing.BillingRefferenceGeneratorServiceTests]
09:33:46.825 [main] DEBUG org.springframework.test.context.BootstrapUtils - Instantiating CacheAwareContextLoaderDelegate from class [org.springframework.test.context.cache.DefaultCacheAwareContextLoaderDelegate]
09:33:46.946 [main] DEBUG org.springframework.test.context.BootstrapUtils - Instantiating BootstrapContext using constructor [public org.springframework.test.context.support.DefaultBootstrapContext(java.lang.Class,org.springframework.test.context.CacheAwareContextLoaderDelegate)]
09:33:46.990 [main] DEBUG org.springframework.test.context.BootstrapUtils - Instantiating TestContextBootstrapper for test class [com.nmbbank.billing.BillingRefferenceGeneratorServiceTests] from class [org.springframework.boot.test.context.SpringBootTestContextBootstrapper]
09:33:47.051 [main] INFO org.springframework.boot.test.context.SpringBootTestContextBootstrapper - Neither @ContextConfiguration nor @ContextHierarchy found for test class [com.nmbbank.billing.BillingRefferenceGeneratorServiceTests], using SpringBootContextLoader
09:33:47.057 [main] DEBUG org.springframework.test.context.support.AbstractContextLoader - Did not detect default resource location for test class [com.nmbbank.billing.BillingRefferenceGeneratorServiceTests]: class path resource [com/nmbbank/billing/BillingRefferenceGeneratorServiceTests-context.xml] does not exist
09:33:47.058 [main] DEBUG org.springframework.test.context.support.AbstractContextLoader - Did not detect default resource location for test class [com.nmbbank.billing.BillingRefferenceGeneratorServiceTests]: class path resource [com/nmbbank/billing/BillingRefferenceGeneratorServiceTestsContext.groovy] does not exist
09:33:47.058 [main] INFO org.springframework.test.context.support.AbstractContextLoader - Could not detect default resource locations for test class [com.nmbbank.billing.BillingRefferenceGeneratorServiceTests]: no resource found for suffixes {-context.xml, Context.groovy}.
09:33:47.059 [main] INFO org.springframework.test.context.support.AnnotationConfigContextLoaderUtils - Could not detect default configuration classes for test class [com.nmbbank.billing.BillingRefferenceGeneratorServiceTests]: BillingRefferenceGeneratorServiceTests does not declare any static, non-private, non-final, nested classes annotated with @Configuration.
09:33:47.344 [main] DEBUG org.springframework.test.context.support.ActiveProfilesUtils - Could not find an 'annotation declaring class' for annotation type [org.springframework.test.context.ActiveProfiles] and class [com.nmbbank.billing.BillingRefferenceGeneratorServiceTests]
09:33:47.371 [main] DEBUG org.springframework.core.env.StandardEnvironment - Adding [systemProperties] PropertySource with lowest search precedence
09:33:47.372 [main] DEBUG org.springframework.core.env.StandardEnvironment - Adding [systemEnvironment] PropertySource with lowest search precedence
09:33:47.373 [main] DEBUG org.springframework.core.env.StandardEnvironment - Initialized StandardEnvironment with PropertySources [systemProperties,systemEnvironment]
09:33:47.429 [main] DEBUG org.springframework.core.io.support.PathMatchingResourcePatternResolver - Resolved classpath location [com/nmbbank/billing/] to resources [URL [file:/Users/paul.msegeya/Agile/Work-Projects/BillingAppEngine/target/test-classes/com/nmbbank/billing/], URL [file:/Users/paul.msegeya/Agile/Work-Projects/BillingAppEngine/target/classes/com/nmbbank/billing/]]
09:33:47.429 [main] DEBUG org.springframework.core.io.support.PathMatchingResourcePatternResolver - Looking for matching resources in directory tree [/Users/paul.msegeya/Agile/Work-Projects/BillingAppEngine/target/test-classes/com/nmbbank/billing]
09:33:47.430 [main] DEBUG org.springframework.core.io.support.PathMatchingResourcePatternResolver - Searching directory [/Users/paul.msegeya/Agile/Work-Projects/BillingAppEngine/target/test-classes/com/nmbbank/billing] for files matching pattern [/Users/paul.msegeya/Agile/Work-Projects/BillingAppEngine/target/test-classes/com/nmbbank/billing/*.class]
09:33:47.433 [main] DEBUG org.springframework.core.io.support.PathMatchingResourcePatternResolver - Looking for matching resources in directory tree [/Users/paul.msegeya/Agile/Work-Projects/BillingAppEngine/target/classes/com/nmbbank/billing]
09:33:47.434 [main] DEBUG org.springframework.core.io.support.PathMatchingResourcePatternResolver - Searching directory [/Users/paul.msegeya/Agile/Work-Projects/BillingAppEngine/target/classes/com/nmbbank/billing] for files matching pattern [/Users/paul.msegeya/Agile/Work-Projects/BillingAppEngine/target/classes/com/nmbbank/billing/*.class]
09:33:47.435 [main] DEBUG org.springframework.core.io.support.PathMatchingResourcePatternResolver - Resolved location pattern [classpath*:com/nmbbank/billing/*.class] to resources [file [/Users/paul.msegeya/Agile/Work-Projects/BillingAppEngine/target/test-classes/com/nmbbank/billing/AdviceGenerationServiceTests.class], file [/Users/paul.msegeya/Agile/Work-Projects/BillingAppEngine/target/test-classes/com/nmbbank/billing/BillingRefferenceGeneratorServiceTests.class], file [/Users/paul.msegeya/Agile/Work-Projects/BillingAppEngine/target/classes/com/nmbbank/billing/LinksController.class]]
09:33:47.460 [main] DEBUG org.springframework.core.io.support.PathMatchingResourcePatternResolver - Resolved classpath location [com/nmbbank/] to resources [URL [file:/Users/paul.msegeya/Agile/Work-Projects/BillingAppEngine/target/test-classes/com/nmbbank/], URL [file:/Users/paul.msegeya/Agile/Work-Projects/BillingAppEngine/target/classes/com/nmbbank/]]
09:33:47.460 [main] DEBUG org.springframework.core.io.support.PathMatchingResourcePatternResolver - Looking for matching resources in directory tree [/Users/paul.msegeya/Agile/Work-Projects/BillingAppEngine/target/test-classes/com/nmbbank]
09:33:47.460 [main] DEBUG org.springframework.core.io.support.PathMatchingResourcePatternResolver - Searching directory [/Users/paul.msegeya/Agile/Work-Projects/BillingAppEngine/target/test-classes/com/nmbbank] for files matching pattern [/Users/paul.msegeya/Agile/Work-Projects/BillingAppEngine/target/test-classes/com/nmbbank/*.class]
09:33:47.461 [main] DEBUG org.springframework.core.io.support.PathMatchingResourcePatternResolver - Looking for matching resources in directory tree [/Users/paul.msegeya/Agile/Work-Projects/BillingAppEngine/target/classes/com/nmbbank]
09:33:47.461 [main] DEBUG org.springframework.core.io.support.PathMatchingResourcePatternResolver - Searching directory [/Users/paul.msegeya/Agile/Work-Projects/BillingAppEngine/target/classes/com/nmbbank] for files matching pattern [/Users/paul.msegeya/Agile/Work-Projects/BillingAppEngine/target/classes/com/nmbbank/*.class]
09:33:47.463 [main] DEBUG org.springframework.core.io.support.PathMatchingResourcePatternResolver - Resolved location pattern [classpath*:com/nmbbank/*.class] to resources []
09:33:47.464 [main] DEBUG org.springframework.core.io.support.PathMatchingResourcePatternResolver - Resolved classpath location [com/] to resources [URL [jar:file:/Library/Java/Extensions/mysql-connector-java-8.0.7-dmr.jar!/com/], URL [jar:file:/System/Library/Java/Extensions/MRJToolkit.jar!/com/], URL [file:/Users/paul.msegeya/Agile/Work-Projects/BillingAppEngine/target/test-classes/com/], URL [file:/Users/paul.msegeya/Agile/Work-Projects/BillingAppEngine/target/classes/com/], URL [jar:file:/Users/paul.msegeya/.m2/repository/com/fasterxml/classmate/1.3.3/classmate-1.3.3.jar!/com/], URL [jar:file:/Users/paul.msegeya/.m2/repository/com/fasterxml/jackson/core/jackson-databind/2.8.5/jackson-databind-2.8.5.jar!/com/], URL [jar:file:/Users/paul.msegeya/.m2/repository/com/jayway/jsonpath/json-path/2.2.0/json-path-2.2.0.jar!/com/], URL [jar:file:/Users/paul.msegeya/.m2/repository/com/fasterxml/jackson/dataformat/jackson-dataformat-xml/2.7.5/jackson-dataformat-xml-2.7.5.jar!/com/], URL [jar:file:/Users/paul.msegeya/.m2/repository/com/fasterxml/jackson/core/jackson-core/2.8.5/jackson-core-2.8.5.jar!/com/], URL [jar:file:/Users/paul.msegeya/.m2/repository/com/fasterxml/jackson/core/jackson-annotations/2.8.5/jackson-annotations-2.8.5.jar!/com/], URL [jar:file:/Users/paul.msegeya/.m2/repository/com/fasterxml/jackson/module/jackson-module-jaxb-annotations/2.8.5/jackson-module-jaxb-annotations-2.8.5.jar!/com/], URL [jar:file:/Users/paul.msegeya/.m2/repository/org/projectlombok/lombok/1.16.18/lombok-1.16.18.jar!/com/]]
09:33:47.465 [main] DEBUG org.springframework.core.io.support.PathMatchingResourcePatternResolver - Looking for matching resources in jar file [file:/Library/Java/Extensions/mysql-connector-java-8.0.7-dmr.jar]
09:33:47.488 [main] DEBUG org.springframework.core.io.support.PathMatchingResourcePatternResolver - Looking for matching resources in jar file [file:/System/Library/Java/Extensions/MRJToolkit.jar]
09:33:47.489 [main] DEBUG org.springframework.core.io.support.PathMatchingResourcePatternResolver - Looking for matching resources in directory tree [/Users/paul.msegeya/Agile/Work-Projects/BillingAppEngine/target/test-classes/com]
09:33:47.489 [main] DEBUG org.springframework.core.io.support.PathMatchingResourcePatternResolver - Searching directory [/Users/paul.msegeya/Agile/Work-Projects/BillingAppEngine/target/test-classes/com] for files matching pattern [/Users/paul.msegeya/Agile/Work-Projects/BillingAppEngine/target/test-classes/com/*.class]
09:33:47.490 [main] DEBUG org.springframework.core.io.support.PathMatchingResourcePatternResolver - Looking for matching resources in directory tree [/Users/paul.msegeya/Agile/Work-Projects/BillingAppEngine/target/classes/com]
09:33:47.490 [main] DEBUG org.springframework.core.io.support.PathMatchingResourcePatternResolver - Searching directory [/Users/paul.msegeya/Agile/Work-Projects/BillingAppEngine/target/classes/com] for files matching pattern [/Users/paul.msegeya/Agile/Work-Projects/BillingAppEngine/target/classes/com/*.class]
09:33:47.491 [main] DEBUG org.springframework.core.io.support.PathMatchingResourcePatternResolver - Looking for matching resources in jar file [file:/Users/paul.msegeya/.m2/repository/com/fasterxml/classmate/1.3.3/classmate-1.3.3.jar]
09:33:47.492 [main] DEBUG org.springframework.core.io.support.PathMatchingResourcePatternResolver - Looking for matching resources in jar file [file:/Users/paul.msegeya/.m2/repository/com/fasterxml/jackson/core/jackson-databind/2.8.5/jackson-databind-2.8.5.jar]
09:33:47.496 [main] DEBUG org.springframework.core.io.support.PathMatchingResourcePatternResolver - Looking for matching resources in jar file [file:/Users/paul.msegeya/.m2/repository/com/jayway/jsonpath/json-path/2.2.0/json-path-2.2.0.jar]
09:33:47.498 [main] DEBUG org.springframework.core.io.support.PathMatchingResourcePatternResolver - Looking for matching resources in jar file [file:/Users/paul.msegeya/.m2/repository/com/fasterxml/jackson/dataformat/jackson-dataformat-xml/2.7.5/jackson-dataformat-xml-2.7.5.jar]
09:33:47.498 [main] DEBUG org.springframework.core.io.support.PathMatchingResourcePatternResolver - Looking for matching resources in jar file [file:/Users/paul.msegeya/.m2/repository/com/fasterxml/jackson/core/jackson-core/2.8.5/jackson-core-2.8.5.jar]
09:33:47.499 [main] DEBUG org.springframework.core.io.support.PathMatchingResourcePatternResolver - Looking for matching resources in jar file [file:/Users/paul.msegeya/.m2/repository/com/fasterxml/jackson/core/jackson-annotations/2.8.5/jackson-annotations-2.8.5.jar]
09:33:47.499 [main] DEBUG org.springframework.core.io.support.PathMatchingResourcePatternResolver - Looking for matching resources in jar file [file:/Users/paul.msegeya/.m2/repository/com/fasterxml/jackson/module/jackson-module-jaxb-annotations/2.8.5/jackson-module-jaxb-annotations-2.8.5.jar]
09:33:47.499 [main] DEBUG org.springframework.core.io.support.PathMatchingResourcePatternResolver - Looking for matching resources in jar file [file:/Users/paul.msegeya/.m2/repository/org/projectlombok/lombok/1.16.18/lombok-1.16.18.jar]
09:33:47.501 [main] DEBUG org.springframework.core.io.support.PathMatchingResourcePatternResolver - Resolved location pattern [classpath*:com/*.class] to resources []
09:33:47.524 [main] DEBUG org.springframework.test.context.junit4.SpringJUnit4ClassRunner - SpringJUnit4ClassRunner constructor called with [class com.nmbbank.billing.BillingRefferenceGeneratorServiceTests]
09:33:47.525 [main] DEBUG org.springframework.test.context.BootstrapUtils - Instantiating CacheAwareContextLoaderDelegate from class [org.springframework.test.context.cache.DefaultCacheAwareContextLoaderDelegate]
09:33:47.525 [main] DEBUG org.springframework.test.context.BootstrapUtils - Instantiating BootstrapContext using constructor [public org.springframework.test.context.support.DefaultBootstrapContext(java.lang.Class,org.springframework.test.context.CacheAwareContextLoaderDelegate)]
09:33:47.526 [main] DEBUG org.springframework.test.context.BootstrapUtils - Instantiating TestContextBootstrapper for test class [com.nmbbank.billing.BillingRefferenceGeneratorServiceTests] from class [org.springframework.boot.test.context.SpringBootTestContextBootstrapper]
09:33:47.527 [main] INFO org.springframework.boot.test.context.SpringBootTestContextBootstrapper - Neither @ContextConfiguration nor @ContextHierarchy found for test class [com.nmbbank.billing.BillingRefferenceGeneratorServiceTests], using SpringBootContextLoader
09:33:47.527 [main] DEBUG org.springframework.test.context.support.AbstractContextLoader - Did not detect default resource location for test class [com.nmbbank.billing.BillingRefferenceGeneratorServiceTests]: class path resource [com/nmbbank/billing/BillingRefferenceGeneratorServiceTests-context.xml] does not exist
09:33:47.528 [main] DEBUG org.springframework.test.context.support.AbstractContextLoader - Did not detect default resource location for test class [com.nmbbank.billing.BillingRefferenceGeneratorServiceTests]: class path resource [com/nmbbank/billing/BillingRefferenceGeneratorServiceTestsContext.groovy] does not exist
09:33:47.528 [main] INFO org.springframework.test.context.support.AbstractContextLoader - Could not detect default resource locations for test class [com.nmbbank.billing.BillingRefferenceGeneratorServiceTests]: no resource found for suffixes {-context.xml, Context.groovy}.
09:33:47.528 [main] INFO org.springframework.test.context.support.AnnotationConfigContextLoaderUtils - Could not detect default configuration classes for test class [com.nmbbank.billing.BillingRefferenceGeneratorServiceTests]: BillingRefferenceGeneratorServiceTests does not declare any static, non-private, non-final, nested classes annotated with @Configuration.
09:33:47.535 [main] DEBUG org.springframework.test.context.support.ActiveProfilesUtils - Could not find an 'annotation declaring class' for annotation type [org.springframework.test.context.ActiveProfiles] and class [com.nmbbank.billing.BillingRefferenceGeneratorServiceTests]
09:33:47.535 [main] DEBUG org.springframework.core.env.StandardEnvironment - Adding [systemProperties] PropertySource with lowest search precedence
09:33:47.535 [main] DEBUG org.springframework.core.env.StandardEnvironment - Adding [systemEnvironment] PropertySource with lowest search precedence
09:33:47.535 [main] DEBUG org.springframework.core.env.StandardEnvironment - Initialized StandardEnvironment with PropertySources [systemProperties,systemEnvironment]
09:33:47.536 [main] DEBUG org.springframework.core.io.support.PathMatchingResourcePatternResolver - Resolved classpath location [com/nmbbank/billing/] to resources [URL [file:/Users/paul.msegeya/Agile/Work-Projects/BillingAppEngine/target/test-classes/com/nmbbank/billing/], URL [file:/Users/paul.msegeya/Agile/Work-Projects/BillingAppEngine/target/classes/com/nmbbank/billing/]]
09:33:47.536 [main] DEBUG org.springframework.core.io.support.PathMatchingResourcePatternResolver - Looking for matching resources in directory tree [/Users/paul.msegeya/Agile/Work-Projects/BillingAppEngine/target/test-classes/com/nmbbank/billing]
09:33:47.536 [main] DEBUG org.springframework.core.io.support.PathMatchingResourcePatternResolver - Searching directory [/Users/paul.msegeya/Agile/Work-Projects/BillingAppEngine/target/test-classes/com/nmbbank/billing] for files matching pattern [/Users/paul.msegeya/Agile/Work-Projects/BillingAppEngine/target/test-classes/com/nmbbank/billing/*.class]
09:33:47.537 [main] DEBUG org.springframework.core.io.support.PathMatchingResourcePatternResolver - Looking for matching resources in directory tree [/Users/paul.msegeya/Agile/Work-Projects/BillingAppEngine/target/classes/com/nmbbank/billing]
09:33:47.537 [main] DEBUG org.springframework.core.io.support.PathMatchingResourcePatternResolver - Searching directory [/Users/paul.msegeya/Agile/Work-Projects/BillingAppEngine/target/classes/com/nmbbank/billing] for files matching pattern [/Users/paul.msegeya/Agile/Work-Projects/BillingAppEngine/target/classes/com/nmbbank/billing/*.class]
09:33:47.537 [main] DEBUG org.springframework.core.io.support.PathMatchingResourcePatternResolver - Resolved location pattern [classpath*:com/nmbbank/billing/*.class] to resources [file [/Users/paul.msegeya/Agile/Work-Projects/BillingAppEngine/target/test-classes/com/nmbbank/billing/AdviceGenerationServiceTests.class], file [/Users/paul.msegeya/Agile/Work-Projects/BillingAppEngine/target/test-classes/com/nmbbank/billing/BillingRefferenceGeneratorServiceTests.class], file [/Users/paul.msegeya/Agile/Work-Projects/BillingAppEngine/target/classes/com/nmbbank/billing/LinksController.class]]
09:33:47.540 [main] DEBUG org.springframework.core.io.support.PathMatchingResourcePatternResolver - Resolved classpath location [com/nmbbank/] to resources [URL [file:/Users/paul.msegeya/Agile/Work-Projects/BillingAppEngine/target/test-classes/com/nmbbank/], URL [file:/Users/paul.msegeya/Agile/Work-Projects/BillingAppEngine/target/classes/com/nmbbank/]]
09:33:47.540 [main] DEBUG org.springframework.core.io.support.PathMatchingResourcePatternResolver - Looking for matching resources in directory tree [/Users/paul.msegeya/Agile/Work-Projects/BillingAppEngine/target/test-classes/com/nmbbank]
09:33:47.540 [main] DEBUG org.springframework.core.io.support.PathMatchingResourcePatternResolver - Searching directory [/Users/paul.msegeya/Agile/Work-Projects/BillingAppEngine/target/test-classes/com/nmbbank] for files matching pattern [/Users/paul.msegeya/Agile/Work-Projects/BillingAppEngine/target/test-classes/com/nmbbank/*.class]
09:33:47.541 [main] DEBUG org.springframework.core.io.support.PathMatchingResourcePatternResolver - Looking for matching resources in directory tree [/Users/paul.msegeya/Agile/Work-Projects/BillingAppEngine/target/classes/com/nmbbank]
09:33:47.541 [main] DEBUG org.springframework.core.io.support.PathMatchingResourcePatternResolver - Searching directory [/Users/paul.msegeya/Agile/Work-Projects/BillingAppEngine/target/classes/com/nmbbank] for files matching pattern [/Users/paul.msegeya/Agile/Work-Projects/BillingAppEngine/target/classes/com/nmbbank/*.class]
09:33:47.541 [main] DEBUG org.springframework.core.io.support.PathMatchingResourcePatternResolver - Resolved location pattern [classpath*:com/nmbbank/*.class] to resources []
09:33:47.543 [main] DEBUG org.springframework.core.io.support.PathMatchingResourcePatternResolver - Resolved classpath location [com/] to resources [URL [jar:file:/Library/Java/Extensions/mysql-connector-java-8.0.7-dmr.jar!/com/], URL [jar:file:/System/Library/Java/Extensions/MRJToolkit.jar!/com/], URL [file:/Users/paul.msegeya/Agile/Work-Projects/BillingAppEngine/target/test-classes/com/], URL [file:/Users/paul.msegeya/Agile/Work-Projects/BillingAppEngine/target/classes/com/], URL [jar:file:/Users/paul.msegeya/.m2/repository/com/fasterxml/classmate/1.3.3/classmate-1.3.3.jar!/com/], URL [jar:file:/Users/paul.msegeya/.m2/repository/com/fasterxml/jackson/core/jackson-databind/2.8.5/jackson-databind-2.8.5.jar!/com/], URL [jar:file:/Users/paul.msegeya/.m2/repository/com/jayway/jsonpath/json-path/2.2.0/json-path-2.2.0.jar!/com/], URL [jar:file:/Users/paul.msegeya/.m2/repository/com/fasterxml/jackson/dataformat/jackson-dataformat-xml/2.7.5/jackson-dataformat-xml-2.7.5.jar!/com/], URL [jar:file:/Users/paul.msegeya/.m2/repository/com/fasterxml/jackson/core/jackson-core/2.8.5/jackson-core-2.8.5.jar!/com/], URL [jar:file:/Users/paul.msegeya/.m2/repository/com/fasterxml/jackson/core/jackson-annotations/2.8.5/jackson-annotations-2.8.5.jar!/com/], URL [jar:file:/Users/paul.msegeya/.m2/repository/com/fasterxml/jackson/module/jackson-module-jaxb-annotations/2.8.5/jackson-module-jaxb-annotations-2.8.5.jar!/com/], URL [jar:file:/Users/paul.msegeya/.m2/repository/org/projectlombok/lombok/1.16.18/lombok-1.16.18.jar!/com/]]
09:33:47.543 [main] DEBUG org.springframework.core.io.support.PathMatchingResourcePatternResolver - Looking for matching resources in jar file [file:/Library/Java/Extensions/mysql-connector-java-8.0.7-dmr.jar]
09:33:47.555 [main] DEBUG org.springframework.core.io.support.PathMatchingResourcePatternResolver - Looking for matching resources in jar file [file:/System/Library/Java/Extensions/MRJToolkit.jar]
09:33:47.556 [main] DEBUG org.springframework.core.io.support.PathMatchingResourcePatternResolver - Looking for matching resources in directory tree [/Users/paul.msegeya/Agile/Work-Projects/BillingAppEngine/target/test-classes/com]
09:33:47.556 [main] DEBUG org.springframework.core.io.support.PathMatchingResourcePatternResolver - Searching directory [/Users/paul.msegeya/Agile/Work-Projects/BillingAppEngine/target/test-classes/com] for files matching pattern [/Users/paul.msegeya/Agile/Work-Projects/BillingAppEngine/target/test-classes/com/*.class]
09:33:47.557 [main] DEBUG org.springframework.core.io.support.PathMatchingResourcePatternResolver - Looking for matching resources in directory tree [/Users/paul.msegeya/Agile/Work-Projects/BillingAppEngine/target/classes/com]
09:33:47.557 [main] DEBUG org.springframework.core.io.support.PathMatchingResourcePatternResolver - Searching directory [/Users/paul.msegeya/Agile/Work-Projects/BillingAppEngine/target/classes/com] for files matching pattern [/Users/paul.msegeya/Agile/Work-Projects/BillingAppEngine/target/classes/com/*.class]
09:33:47.557 [main] DEBUG org.springframework.core.io.support.PathMatchingResourcePatternResolver - Looking for matching resources in jar file [file:/Users/paul.msegeya/.m2/repository/com/fasterxml/classmate/1.3.3/classmate-1.3.3.jar]
09:33:47.558 [main] DEBUG org.springframework.core.io.support.PathMatchingResourcePatternResolver - Looking for matching resources in jar file [file:/Users/paul.msegeya/.m2/repository/com/fasterxml/jackson/core/jackson-databind/2.8.5/jackson-databind-2.8.5.jar]
09:33:47.562 [main] DEBUG org.springframework.core.io.support.PathMatchingResourcePatternResolver - Looking for matching resources in jar file [file:/Users/paul.msegeya/.m2/repository/com/jayway/jsonpath/json-path/2.2.0/json-path-2.2.0.jar]
09:33:47.563 [main] DEBUG org.springframework.core.io.support.PathMatchingResourcePatternResolver - Looking for matching resources in jar file [file:/Users/paul.msegeya/.m2/repository/com/fasterxml/jackson/dataformat/jackson-dataformat-xml/2.7.5/jackson-dataformat-xml-2.7.5.jar]
09:33:47.564 [main] DEBUG org.springframework.core.io.support.PathMatchingResourcePatternResolver - Looking for matching resources in jar file [file:/Users/paul.msegeya/.m2/repository/com/fasterxml/jackson/core/jackson-core/2.8.5/jackson-core-2.8.5.jar]
09:33:47.566 [main] DEBUG org.springframework.core.io.support.PathMatchingResourcePatternResolver - Looking for matching resources in jar file [file:/Users/paul.msegeya/.m2/repository/com/fasterxml/jackson/core/jackson-annotations/2.8.5/jackson-annotations-2.8.5.jar]
09:33:47.566 [main] DEBUG org.springframework.core.io.support.PathMatchingResourcePatternResolver - Looking for matching resources in jar file [file:/Users/paul.msegeya/.m2/repository/com/fasterxml/jackson/module/jackson-module-jaxb-annotations/2.8.5/jackson-module-jaxb-annotations-2.8.5.jar]
09:33:47.567 [main] DEBUG org.springframework.core.io.support.PathMatchingResourcePatternResolver - Looking for matching resources in jar file [file:/Users/paul.msegeya/.m2/repository/org/projectlombok/lombok/1.16.18/lombok-1.16.18.jar]
09:33:47.569 [main] DEBUG org.springframework.core.io.support.PathMatchingResourcePatternResolver - Resolved location pattern [classpath*:com/*.class] to resources []
]]></system-out>
  </testcase>
</testsuite>